2024-10-16 14:20:33.247 [info] Extension host with pid 5767 started
2024-10-16 14:20:33.322 [info] ExtensionService#_doActivateExtension vscode.git-base, startup: true, activationEvent: '*', root cause: vscode.git
2024-10-16 14:20:33.365 [info] ExtensionService#_doActivateExtension vscode.git, startup: true, activationEvent: '*'
2024-10-16 14:20:33.419 [info] ExtensionService#_doActivateExtension vscode.github, startup: true, activationEvent: '*'
2024-10-16 14:20:33.487 [info] Eager extensions activated
2024-10-16 14:20:33.493 [info] ExtensionService#_doActivateExtension vscode.debug-auto-launch, startup: false, activationEvent: 'onStartupFinished'
2024-10-16 14:20:33.494 [info] ExtensionService#_doActivateExtension vscode.merge-conflict, startup: false, activationEvent: 'onStartupFinished'
2024-10-16 14:20:33.505 [info] ExtensionService#_doActivateExtension esbenp.prettier-vscode, startup: false, activationEvent: 'onStartupFinished'
2024-10-16 14:20:33.561 [info] ExtensionService#_doActivateExtension PKief.material-icon-theme, startup: false, activationEvent: 'onStartupFinished'
2024-10-16 14:20:33.570 [info] ExtensionService#_doActivateExtension ritwickdey.LiveServer, startup: false, activationEvent: 'onStartupFinished'
2024-10-16 14:20:57.729 [info] Extension host terminating: renderer closed the MessagePort
2024-10-16 14:20:57.735 [info] Extension host with pid 5767 exiting with code 0
2024-10-16 14:20:58.239 [info] Extension host with pid 5929 started
2024-10-16 14:20:58.239 [info] Skipping acquiring lock for /var/www/html/Lovent-S/~/vscode-root/User/workspaceStorage/de7eb1a5947bc700cce39ba14f1aa7d8.
2024-10-16 14:20:58.264 [info] ExtensionService#_doActivateExtension vscode.git-base, startup: true, activationEvent: '*'
2024-10-16 14:20:58.267 [info] ExtensionService#_doActivateExtension vscode.npm, startup: true, activationEvent: 'workspaceContains:package.json'
2024-10-16 14:20:58.327 [info] ExtensionService#_doActivateExtension vscode.github, startup: true, activationEvent: '*'
2024-10-16 14:20:58.369 [info] Eager extensions activated
2024-10-16 14:20:58.369 [info] ExtensionService#_doActivateExtension vscode.debug-auto-launch, startup: false, activationEvent: 'onStartupFinished'
2024-10-16 14:20:58.371 [info] ExtensionService#_doActivateExtension vscode.merge-conflict, startup: false, activationEvent: 'onStartupFinished'
2024-10-16 14:20:58.383 [info] ExtensionService#_doActivateExtension esbenp.prettier-vscode, startup: false, activationEvent: 'onStartupFinished'
2024-10-16 14:20:58.442 [info] ExtensionService#_doActivateExtension PKief.material-icon-theme, startup: false, activationEvent: 'onStartupFinished'
2024-10-16 14:20:59.686 [info] ExtensionService#_doActivateExtension vscode.git, startup: false, activationEvent: 'api', root cause: vscode.github
2024-10-16 14:20:59.742 [info] ExtensionService#_doActivateExtension ritwickdey.LiveServer, startup: false, activationEvent: 'onStartupFinished'
2024-10-16 14:20:59.788 [info] ExtensionService#_doActivateExtension vscode.emmet, startup: false, activationEvent: 'onLanguage'
2024-10-16 14:20:59.850 [warning] [Decorations] CAPPING events from decorations provider vscode.git 961
2024-10-16 14:20:59.916 [info] ExtensionService#_doActivateExtension vscode.github-authentication, startup: false, activationEvent: 'onAuthenticationRequest:github'
2024-10-16 14:20:59.995 [warning] [Decorations] CAPPING events from decorations provider vscode.git 962
2024-10-16 14:21:02.288 [warning] [Decorations] CAPPING events from decorations provider vscode.git 971
2024-10-16 14:21:03.384 [info] ExtensionService#_doActivateExtension vscode.configuration-editing, startup: false, activationEvent: 'onLanguage:json'
2024-10-16 14:21:03.393 [info] ExtensionService#_doActivateExtension vscode.extension-editing, startup: false, activationEvent: 'onLanguage:json'
2024-10-16 14:21:03.403 [info] ExtensionService#_doActivateExtension vscode.json-language-features, startup: false, activationEvent: 'onLanguage:json'
2024-10-16 14:21:04.474 [info] ExtensionService#_doActivateExtension vscode.html-language-features, startup: false, activationEvent: 'onLanguage:html'
2024-10-16 14:21:07.645 [warning] [Decorations] CAPPING events from decorations provider vscode.git 977
2024-10-16 14:27:11.181 [warning] [Decorations] CAPPING events from decorations provider vscode.git 978
2024-10-16 14:55:11.668 [warning] [Decorations] CAPPING events from decorations provider vscode.git 978
2024-10-16 14:55:27.043 [warning] [Decorations] CAPPING events from decorations provider vscode.git 979
2024-10-16 14:55:44.734 [warning] [Decorations] CAPPING events from decorations provider vscode.git 979
2024-10-16 14:55:49.815 [warning] [Decorations] CAPPING events from decorations provider vscode.git 979
2024-10-16 14:55:54.902 [warning] [Decorations] CAPPING events from decorations provider vscode.git 979
2024-10-16 14:55:59.993 [warning] [Decorations] CAPPING events from decorations provider vscode.git 979
2024-10-16 14:56:05.067 [warning] [Decorations] CAPPING events from decorations provider vscode.git 979
2024-10-16 14:56:10.155 [warning] [Decorations] CAPPING events from decorations provider vscode.git 979
2024-10-16 14:56:15.233 [warning] [Decorations] CAPPING events from decorations provider vscode.git 980
2024-10-16 14:56:20.306 [warning] [Decorations] CAPPING events from decorations provider vscode.git 980
2024-10-16 14:56:28.511 [warning] [Decorations] CAPPING events from decorations provider vscode.git 980
2024-10-16 14:56:41.315 [warning] [Decorations] CAPPING events from decorations provider vscode.git 980
2024-10-16 14:57:16.372 [warning] [Decorations] CAPPING events from decorations provider vscode.git 981
2024-10-16 14:57:25.036 [warning] [Decorations] CAPPING events from decorations provider vscode.git 981
2024-10-16 14:57:30.120 [warning] [Decorations] CAPPING events from decorations provider vscode.git 982
2024-10-16 14:58:32.197 [warning] [Decorations] CAPPING events from decorations provider vscode.git 983
2024-10-16 14:58:37.280 [warning] [Decorations] CAPPING events from decorations provider vscode.git 987
