2024-10-16 14:20:32.911 [info] Added views:outline in workbench.view.explorer
2024-10-16 14:20:32.911 [info] Added views:workbench.view.search in workbench.view.search
2024-10-16 14:20:32.911 [info] Added views:workbench.scm in workbench.view.scm
2024-10-16 14:20:32.911 [info] Added views:workbench.panel.markers.view in workbench.panel.markers
2024-10-16 14:20:32.911 [info] Added views:workbench.panel.output in workbench.panel.output
2024-10-16 14:20:32.911 [info] Added views:terminal in terminal
2024-10-16 14:20:32.911 [info] Added views:timeline in workbench.view.explorer
2024-10-16 14:20:32.911 [info] Added views:workbench.explorer.emptyView in workbench.view.explorer
2024-10-16 14:20:33.072 [info] Added views:workbench.debug.variablesView,workbench.debug.watchExpressionsView,workbench.debug.callStackView,workbench.debug.breakPointsView in workbench.view.debug
2024-10-16 14:20:33.208 [info] Added views:~remote.forwardedPorts in ~remote.forwardedPortsContainer
2024-10-16 14:20:33.321 [info] Added views:workbench.panel.repl.view in workbench.panel.repl
2024-10-16 14:20:33.321 [info] Removed views:workbench.debug.breakPointsView,workbench.debug.callStackView,workbench.debug.watchExpressionsView,workbench.debug.variablesView from workbench.view.debug
2024-10-16 14:20:33.322 [info] Added views:workbench.debug.welcome in workbench.view.debug
2024-10-16 14:20:57.937 [info] Added views:outline in workbench.view.explorer
2024-10-16 14:20:57.937 [info] Added views:workbench.view.search in workbench.view.search
2024-10-16 14:20:57.937 [info] Added views:workbench.scm in workbench.view.scm
2024-10-16 14:20:57.937 [info] Added views:workbench.panel.markers.view in workbench.panel.markers
2024-10-16 14:20:57.937 [info] Added views:workbench.panel.output in workbench.panel.output
2024-10-16 14:20:57.937 [info] Added views:terminal in terminal
2024-10-16 14:20:57.937 [info] Added views:timeline in workbench.view.explorer
2024-10-16 14:20:57.937 [info] Added views:workbench.explorer.fileView in workbench.view.explorer
2024-10-16 14:20:58.038 [info] Added views:workbench.debug.variablesView,workbench.debug.watchExpressionsView,workbench.debug.callStackView,workbench.debug.breakPointsView in workbench.view.debug
2024-10-16 14:20:58.263 [info] Added views:workbench.panel.repl.view in workbench.panel.repl
2024-10-16 14:20:58.263 [info] Removed views:workbench.debug.breakPointsView,workbench.debug.callStackView,workbench.debug.watchExpressionsView,workbench.debug.variablesView from workbench.view.debug
2024-10-16 14:20:58.264 [info] Added views:workbench.debug.welcome in workbench.view.debug
2024-10-16 14:20:58.275 [info] Added views:~remote.forwardedPorts in ~remote.forwardedPortsContainer
2024-10-16 14:20:59.775 [info] Added views:workbench.scm.history in workbench.view.scm
